
SQL*Loader: Release 11.2.0.2.0 - Production on Sat Dec 14 17:51:42 2024

Copyright (c) 1982, 2009, Oracle and/or its affiliates.  All rights reserved.

Control File:   Abonnement.ctl
Data File:      Abonnement.ctl
  Bad File:     Abonnement.bad
  Discard File:  none specified
 
 (Allow all discards)

Number to load: ALL
Number to skip: 0
Errors allowed: 50
Bind array:     64 rows, maximum of 256000 bytes
Continuation:    none specified
Path used:      Conventional

Table ABONNEMENT, loaded from every logical record.
Insert option in effect for this table: APPEND

   Column Name                  Position   Len  Term Encl Datatype
------------------------------ ---------- ----- ---- ---- ---------------------
ID                                  FIRST     *   ,  O(") CHARACTER            
ABO_TYPE                             NEXT     *   ,  O(") CHARACTER            
TARIF                                NEXT     *   ,  O(") CHARACTER            
DUREE                                NEXT     *   ,  O(") CHARACTER            
DESCRIPTION                          NEXT     *   ,  O(") CHARACTER            


Table ABONNEMENT:
  30 Rows successfully loaded.
  0 Rows not loaded due to data errors.
  0 Rows not loaded because all WHEN clauses were failed.
  0 Rows not loaded because all fields were null.


Space allocated for bind array:                  82560 bytes(64 rows)
Read   buffer bytes: 1048576

Total logical records skipped:          0
Total logical records read:            30
Total logical records rejected:         0
Total logical records discarded:        0

Run began on Sat Dec 14 17:51:42 2024
Run ended on Sat Dec 14 17:51:43 2024

Elapsed time was:     00:00:00.14
CPU time was:         00:00:00.01
