
SQL*Loader: Release 11.2.0.2.0 - Production on Sat Dec 14 17:33:31 2024

Copyright (c) 1982, 2009, Oracle and/or its affiliates.  All rights reserved.

Control File:   Notation_Album.ctl
Data File:      Notation_Album.ctl
  Bad File:     Notation_Album.bad
  Discard File:  none specified
 
 (Allow all discards)

Number to load: ALL
Number to skip: 0
Errors allowed: 50
Bind array:     64 rows, maximum of 256000 bytes
Continuation:    none specified
Path used:      Conventional

Table NOTATION_ALBUM, loaded from every logical record.
Insert option in effect for this table: APPEND

   Column Name                  Position   Len  Term Encl Datatype
------------------------------ ---------- ----- ---- ---- ---------------------
ID                                  FIRST     *   ,  O(") CHARACTER            
NOTE                                 NEXT     *   ,  O(") CHARACTER            
COMMENTAIRE                          NEXT     *   ,  O(") CHARACTER            
NOTATION_DATE                        NEXT     *   ,  O(") DATE YYYY-MM-DD      
USER_ID                              NEXT     *   ,  O(") CHARACTER            
MEDIA_ID                             NEXT     *   ,  O(") CHARACTER            


Table NOTATION_ALBUM:
  10 Rows successfully loaded.
  0 Rows not loaded due to data errors.
  0 Rows not loaded because all WHEN clauses were failed.
  0 Rows not loaded because all fields were null.


Space allocated for bind array:                  99072 bytes(64 rows)
Read   buffer bytes: 1048576

Total logical records skipped:          0
Total logical records read:            10
Total logical records rejected:         0
Total logical records discarded:        0

Run began on Sat Dec 14 17:33:31 2024
Run ended on Sat Dec 14 17:33:31 2024

Elapsed time was:     00:00:00.15
CPU time was:         00:00:00.00
