
SQL*Loader: Release 11.2.0.2.0 - Production on Sat Dec 14 16:59:29 2024

Copyright (c) 1982, 2009, Oracle and/or its affiliates.  All rights reserved.

Control File:   Utilisateur.ctl
Data File:      Utilisateur.ctl
  Bad File:     Utilisateur.bad
  Discard File:  none specified
 
 (Allow all discards)

Number to load: ALL
Number to skip: 0
Errors allowed: 50
Bind array:     64 rows, maximum of 256000 bytes
Continuation:    none specified
Path used:      Conventional

Table UTILISATEUR, loaded from every logical record.
Insert option in effect for this table: APPEND

   Column Name                  Position   Len  Term Encl Datatype
------------------------------ ---------- ----- ---- ---- ---------------------
ID                                  FIRST     *   ,  O(") CHARACTER            
NOM                                  NEXT     *   ,  O(") CHARACTER            
EMAIL                                NEXT     *   ,  O(") CHARACTER            
DATE_NAISSANCE                       NEXT     *   ,  O(") DATE YYYY-MM-DD      
DATE_INSCRIPTION                     NEXT     *   ,  O(") DATE YYYY-MM-DD      
NATIONALITE                          NEXT     *   ,  O(") CHARACTER            


Table UTILISATEUR:
  30 Rows successfully loaded.
  0 Rows not loaded due to data errors.
  0 Rows not loaded because all WHEN clauses were failed.
  0 Rows not loaded because all fields were null.


Space allocated for bind array:                  99072 bytes(64 rows)
Read   buffer bytes: 1048576

Total logical records skipped:          0
Total logical records read:            30
Total logical records rejected:         0
Total logical records discarded:        0

Run began on Sat Dec 14 16:59:29 2024
Run ended on Sat Dec 14 16:59:29 2024

Elapsed time was:     00:00:00.16
CPU time was:         00:00:00.01
